TN:
SF:src/App.jsx
FN:4,App
FN:8,handleTodoSubmit
FN:23,onChange
FNF:3
FNH:3
FNDA:4,App
FNDA:1,handleTodoSubmit
FNDA:1,onChange
DA:1,1
DA:2,1
DA:3,1
DA:4,4
DA:5,4
DA:6,4
DA:7,4
DA:8,4
DA:9,1
DA:10,1
DA:11,1
DA:12,1
DA:13,1
DA:14,1
DA:15,4
DA:16,4
DA:17,4
DA:18,4
DA:19,4
DA:20,4
DA:21,4
DA:22,4
DA:23,4
DA:24,4
DA:25,4
DA:26,4
DA:27,4
DA:28,4
DA:29,4
DA:30,4
DA:31,4
DA:32,1
DA:33,1
DA:34,1
DA:35,1
DA:36,1
DA:37,4
DA:38,4
DA:39,4
DA:40,4
DA:41,4
DA:42,1
DA:43,1
LF:43
LH:43
BRDA:4,0,0,4
BRDA:8,1,0,1
BRDA:10,2,0,1
BRDA:23,3,0,1
BRDA:31,4,0,1
BRF:5
BRH:5
end_of_record
